#
# A fatal error has been detected by the Java Runtime Environment:
#
#  EXCEPTION_ACCESS_VIOLATION (0xc0000005) at pc=0x0ad109bd, pid=4344, tid=2344
#
# JRE version: 6.0_17-b04
# Java VM: Java HotSpot(TM) Client VM (14.3-b01 mixed mode windows-x86 )
# Problematic frame:
# V  [jvm.dll+0x1109bd]
#
# If you would like to submit a bug report, please visit:
#   http://java.sun.com/webapps/bugreport/crash.jsp
#

---------------  T H R E A D  ---------------

Current thread (0x0f899800):  JavaThread "AWT-EventQueue-0" [_thread_in_vm, id=2344, stack(0x0ff40000,0x0ffc0000)]

siginfo: ExceptionCode=0xc0000005, reading address 0x00000001

Registers:
EAX=0x00000001, EBX=0x133f45c8, ECX=0x00000000, EDX=0x099bf8b0
ESP=0x0ffbf324, EBP=0x0ffbf330, ESI=0x09a38948, EDI=0x0f854d14
EIP=0x0ad109bd, EFLAGS=0x00010202

Top of Stack: (sp=0x0ffbf324)
0x0ffbf324:   0f854d14 099bf8b0 0f899800 0ffbf344
0x0ffbf334:   0ad10a89 133f45c8 133f45c8 0f8550ec
0x0ffbf344:   0ffbf36c 0acf22aa 0f854d14 0f899800
0x0ffbf354:   12254860 19486b58 0f899800 00000000
0x0ffbf364:   0ffbf354 0ffbf38c 0ffbf398 0ef2226d
0x0ffbf374:   0f899910 0ffbf3a8 0f899800 12254860
0x0ffbf384:   19486b58 0ffbf37c 0ffbf968 0ef5e3e0
0x0ffbf394:   00000000 0ffbf3b8 0c062a43 0f899910 

Instructions: (pc=0x0ad109bd)
0x0ad109ad:   00 00 5e 89 18 5b 5d c2 04 00 8b 86 90 00 00 00
0x0ad109bd:   8b 08 5f 89 8e 90 00 00 00 5e 89 18 5b 5d c2 04 


Stack: [0x0ff40000,0x0ffc0000],  sp=0x0ffbf324,  free space=508k
Native frames: (J=compiled Java code, j=interpreted, Vv=VM code, C=native code)
V  [jvm.dll+0x1109bd]
V  [jvm.dll+0x110a89]
V  [jvm.dll+0xf22aa]
C  0x0ef2226d
J  sun.awt.windows.WFramePeer.getState()I
J  javax.swing.RepaintManager.addDirtyRegion0(Ljava/awt/Container;IIII)V
J  javax.swing.RepaintManager.addDirtyRegion(Ljavax/swing/JComponent;IIII)V
J  javax.swing.JComponent.repaint(JIIII)V
J  com.mathworks.mde.cmdwin.FunctionBrowserRowHeader.insertUpdate(Ljavax/swing/event/DocumentEvent;)V
J  javax.swing.text.AbstractDocument.fireInsertUpdate(Ljavax/swing/event/DocumentEvent;)V
J  com.mathworks.mde.cmdwin.CmdWinDocument.insertChars(I[CIZ)V
J  com.mathworks.mde.cmdwin.CmdWinDocument.insertBeforePrompt([CIZ)V
J  com.mathworks.mde.cmdwin.CmdWinDocument$FlushRunnable.run()V
J  java.awt.event.InvocationEvent.dispatch()V
J  java.awt.EventQueue.dispatchEvent(Ljava/awt/AWTEvent;)V
J  java.awt.EventDispatchThread.pumpOneEventForFilters(I)Z
J  java.awt.EventDispatchThread.pumpEventsForFilter(ILjava/awt/Conditional;Ljava/awt/EventFilter;)V
j  java.awt.EventDispatchThread.pumpEventsForHierarchy(ILjava/awt/Conditional;Ljava/awt/Component;)V+11
j  java.awt.EventDispatchThread.pumpEvents(ILjava/awt/Conditional;)V+4
j  java.awt.EventDispatchThread.pumpEvents(Ljava/awt/Conditional;)V+3
j  java.awt.EventDispatchThread.run()V+9
v  ~StubRoutines::call_stub
V  [jvm.dll+0xecf9c]
V  [jvm.dll+0x1741d1]
V  [jvm.dll+0xed167]
V  [jvm.dll+0xed1dd]
V  [jvm.dll+0x116290]
V  [jvm.dll+0x1d0414]
V  [jvm.dll+0x173e4c]
C  [MSVCR71.dll+0x9565]
C  [kernel32.dll+0x51114]
C  [ntdll.dll+0x5b299]
C  [ntdll.dll+0x5b26c]

Java frames: (J=compiled Java code, j=interpreted, Vv=VM code)
J  sun.awt.windows.WFramePeer.getState()I
J  javax.swing.RepaintManager.addDirtyRegion0(Ljava/awt/Container;IIII)V
J  javax.swing.RepaintManager.addDirtyRegion(Ljavax/swing/JComponent;IIII)V
J  javax.swing.JComponent.repaint(JIIII)V
J  com.mathworks.mde.cmdwin.FunctionBrowserRowHeader.insertUpdate(Ljavax/swing/event/DocumentEvent;)V
J  javax.swing.text.AbstractDocument.fireInsertUpdate(Ljavax/swing/event/DocumentEvent;)V
J  com.mathworks.mde.cmdwin.CmdWinDocument.insertChars(I[CIZ)V
J  com.mathworks.mde.cmdwin.CmdWinDocument.insertBeforePrompt([CIZ)V
J  com.mathworks.mde.cmdwin.CmdWinDocument$FlushRunnable.run()V
J  java.awt.event.InvocationEvent.dispatch()V
J  java.awt.EventQueue.dispatchEvent(Ljava/awt/AWTEvent;)V
J  java.awt.EventDispatchThread.pumpOneEventForFilters(I)Z
J  java.awt.EventDispatchThread.pumpEventsForFilter(ILjava/awt/Conditional;Ljava/awt/EventFilter;)V
j  java.awt.EventDispatchThread.pumpEventsForHierarchy(ILjava/awt/Conditional;Ljava/awt/Component;)V+11
j  java.awt.EventDispatchThread.pumpEvents(ILjava/awt/Conditional;)V+4
j  java.awt.EventDispatchThread.pumpEvents(Ljava/awt/Conditional;)V+3
j  java.awt.EventDispatchThread.run()V+9
v  ~StubRoutines::call_stub

---------------  P R O C E S S  ---------------

Java Threads: ( => current thread )
  0x09a9dc00 JavaThread "Code Analyzer updating thread" [_thread_blocked, id=5596, stack(0x07a70000,0x07af0000)]
  0x09a98800 JavaThread "FileDecorationCache request queue" [_thread_blocked, id=1176, stack(0x07450000,0x074d0000)]
  0x09a9c400 JavaThread "Foxtrot Multi Worker Thread Runner #1" daemon [_thread_blocked, id=3480, stack(0x07260000,0x072e0000)]
  0x09a9bc00 JavaThread "Active Reference Queue Daemon" daemon [_thread_blocked, id=5140, stack(0x21750000,0x217d0000)]
  0x09a9b800 JavaThread "Timer-7" daemon [_thread_blocked, id=3032, stack(0x200d0000,0x20150000)]
  0x09a9ac00 JavaThread "RequestQueue for GenericFileList" [_thread_blocked, id=5432, stack(0x20490000,0x20510000)]
  0x09a9a400 JavaThread "Timer-5" daemon [_thread_blocked, id=740, stack(0x215c0000,0x21640000)]
  0x09a98000 JavaThread "Prefs Updater" daemon [_thread_blocked, id=3664, stack(0x20360000,0x203e0000)]
  0x09a97c00 JavaThread "Timer-1" [_thread_blocked, id=4348, stack(0x201f0000,0x20270000)]
  0x09a96c00 JavaThread "FelixPackageAdmin" daemon [_thread_blocked, id=4960, stack(0x1da30000,0x1dab0000)]
  0x09a96800 JavaThread "FelixStartLevel" daemon [_thread_blocked, id=2376, stack(0x1db90000,0x1dc10000)]
  0x0fee1800 JavaThread "FelixDispatchQueue" daemon [_thread_blocked, id=4456, stack(0x1ec60000,0x1ece0000)]
  0x1c284800 JavaThread "TimerQueue" daemon [_thread_blocked, id=692, stack(0x1d0c0000,0x1d140000)]
=>0x0f899800 JavaThread "AWT-EventQueue-0" [_thread_in_vm, id=2344, stack(0x0ff40000,0x0ffc0000)]
  0x0f899000 JavaThread "AWT-Shutdown" [_thread_blocked, id=3492, stack(0x1cbe0000,0x1cc60000)]
  0x0feb9c00 JavaThread "com.google.common.base.internal.Finalizer" daemon [_thread_blocked, id=2148, stack(0x0a380000,0x0a400000)]
  0x0feb6400 JavaThread "AWT-Windows" daemon [_thread_in_native, id=4356, stack(0x1cae0000,0x1cb60000)]
  0x1c1be400 JavaThread "Java2D Disposer" daemon [_thread_blocked, id=4576, stack(0x1c900000,0x1c980000)]
  0x0f910800 JavaThread "Timer-0" [_thread_blocked, id=6104, stack(0x0fac0000,0x0fb40000)]
  0x0f8dd400 JavaThread "JMI Unnamed Thread" [_thread_in_native, id=5816, stack(0x07ec0000,0x086c0000)]
  0x09a83800 JavaThread "Low Memory Detector" daemon [_thread_blocked, id=4500, stack(0x09ac0000,0x09b40000)]
  0x09a7dc00 JavaThread "CompilerThread0" daemon [_thread_blocked, id=6120, stack(0x0e6a0000,0x0eea0000)]
  0x09a73000 JavaThread "Attach Listener" daemon [_thread_blocked, id=4292, stack(0x0dc40000,0x0dcc0000)]
  0x09a41800 JavaThread "Finalizer" daemon [_thread_blocked, id=6032, stack(0x088e0000,0x08960000)]
  0x09a3d000 JavaThread "Reference Handler" daemon [_thread_blocked, id=3584, stack(0x0e4f0000,0x0e570000)]
  0x062ef800 JavaThread "main" [_thread_blocked, id=1076, stack(0x000e0000,0x008e0000)]

Other Threads:
  0x09a3a000 VMThread [stack: 0x0dcd0000,0x0e4d0000] [id=3872]
  0x09a8c000 WatcherThread [stack: 0x0f050000,0x0f850000] [id=3468]

VM state:not at safepoint (normal execution)

VM Mutex/Monitor currently owned by a thread:  ([mutex/lock_event])
[0x099bf8b0] JNIGlobalHandle_lock - owner thread: 0x0f899800

Heap
 def new generation   total 21312K, used 8480K [0x10010000, 0x11720000, 0x12010000)
  eden space 19008K,  38% used [0x10010000, 0x10739ef8, 0x112a0000)
  from space 2304K,  49% used [0x114e0000, 0x115fe3d8, 0x11720000)
  to   space 2304K,   0% used [0x112a0000, 0x112a0000, 0x114e0000)
 tenured generation   total 70676K, used 55746K [0x12010000, 0x16515000, 0x18010000)
   the space 70676K,  78% used [0x12010000, 0x15680990, 0x15680a00, 0x16515000)
 compacting perm gen  total 37376K, used 37128K [0x18010000, 0x1a490000, 0x1c010000)
   the space 37376K,  99% used [0x18010000, 0x1a452130, 0x1a452200, 0x1a490000)
No shared spaces configured.

Dynamic libraries:
0x01200000 - 0x01225000 	C:\Program Files\MATLAB\R2011a\bin\win32\MATLAB.exe
0x76f90000 - 0x770cc000 	C:\Windows\SYSTEM32\ntdll.dll
0x769e0000 - 0x76ab4000 	C:\Windows\system32\kernel32.dll
0x75340000 - 0x7538a000 	C:\Windows\system32\KERNELBASE.dll
0x7ef10000 - 0x7efcd000 	C:\Program Files\MATLAB\R2011a\bin\win32\libut.dll
0x7dce0000 - 0x7dd35000 	C:\Program Files\MATLAB\R2011a\bin\win32\libmwi18n.dll
0x10000000 - 0x10009000 	C:\Program Files\MATLAB\R2011a\bin\win32\libmwresource_core.dll
0x718b0000 - 0x7193e000 	C:\Windows\WinSxS\x86_microsoft.vc90.crt_1fc8b3b9a1e18e3b_9.0.30729.6161_none_50934f2ebcb7eb57\MSVCP90.dll
0x72d20000 - 0x72dc3000 	C:\Windows\WinSxS\x86_microsoft.vc90.crt_1fc8b3b9a1e18e3b_9.0.30729.6161_none_50934f2ebcb7eb57\MSVCR90.dll
0x73d00000 - 0x73d0e000 	C:\Program Files\MATLAB\R2011a\bin\win32\boost_date_time-vc90-mt-1_40.dll
0x736b0000 - 0x736c3000 	C:\Program Files\MATLAB\R2011a\bin\win32\boost_filesystem-vc90-mt-1_40.dll
0x73f70000 - 0x73f77000 	C:\Program Files\MATLAB\R2011a\bin\win32\boost_system-vc90-mt-1_40.dll
0x73d10000 - 0x73d1f000 	C:\Program Files\MATLAB\R2011a\bin\win32\boost_thread-vc90-mt-1_40.dll
0x73550000 - 0x7356f000 	C:\Program Files\MATLAB\R2011a\bin\win32\LIBEXPAT.dll
0x72eb0000 - 0x73009000 	C:\Program Files\MATLAB\R2011a\bin\win32\icuin42.dll
0x7ea10000 - 0x7eb35000 	C:\Program Files\MATLAB\R2011a\bin\win32\icuuc42.dll
0x76b70000 - 0x76c10000 	C:\Windows\system32\ADVAPI32.dll
0x756e0000 - 0x7578c000 	C:\Windows\system32\msvcrt.dll
0x76f70000 - 0x76f89000 	C:\Windows\SYSTEM32\sechost.dll
0x76c10000 - 0x76cb1000 	C:\Windows\system32\RPCRT4.dll
0x01230000 - 0x02177000 	C:\Program Files\MATLAB\R2011a\bin\win32\icudt42.dll
0x7ee50000 - 0x7ef07000 	C:\Program Files\MATLAB\R2011a\bin\win32\libmwfl.dll
0x00a70000 - 0x00ae7000 	C:\Program Files\MATLAB\R2011a\bin\win32\libmwMATLAB_res.dll
0x73c80000 - 0x73c8f000 	C:\Program Files\MATLAB\R2011a\bin\win32\boost_signals-vc90-mt-1_40.dll
0x76b40000 - 0x76b6a000 	C:\Windows\system32\imagehlp.dll
0x75790000 - 0x75795000 	C:\Windows\system32\PSAPI.DLL
0x73db0000 - 0x73dbe000 	C:\Program Files\MATLAB\R2011a\bin\win32\icuio42.dll
0x00b20000 - 0x00c0b000 	C:\Windows\system32\dbghelp.dll
0x76910000 - 0x769d9000 	C:\Windows\system32\USER32.dll
0x76530000 - 0x7657e000 	C:\Windows\system32\GDI32.dll
0x76520000 - 0x7652a000 	C:\Windows\system32\LPK.dll
0x76740000 - 0x767dd000 	C:\Windows\system32\USP10.dll
0x754e0000 - 0x7567b000 	C:\Program Files\MATLAB\R2011a\bin\win32\libmwservices.dll
0x7db50000 - 0x7dbb9000 	C:\Program Files\MATLAB\R2011a\bin\win32\libmx.dll
0x73730000 - 0x73743000 	C:\Program Files\MATLAB\R2011a\bin\win32\zlib1.dll
0x7e800000 - 0x7e8ee000 	C:\Program Files\MATLAB\R2011a\bin\win32\libmwmathutil.dll
0x70bc0000 - 0x70bfb000 	C:\Program Files\MATLAB\R2011a\bin\win32\mpath.dll
0x72990000 - 0x72b75000 	C:\Program Files\MATLAB\R2011a\bin\win32\mlutil.dll
0x70930000 - 0x7098d000 	C:\Program Files\MATLAB\R2011a\bin\win32\xmlcore.dll
0x71cf0000 - 0x71ea2000 	C:\Program Files\MATLAB\R2011a\bin\win32\xerces-c_2_7.dll
0x00c80000 - 0x00cb5000 	C:\Windows\system32\WS2_32.dll
0x758c0000 - 0x758c6000 	C:\Windows\system32\NSI.dll
0x00cc0000 - 0x00cf3000 	C:\Program Files\MATLAB\R2011a\bin\win32\tbb.dll
0x758d0000 - 0x76519000 	C:\Windows\system32\SHELL32.dll
0x77160000 - 0x771b7000 	C:\Windows\system32\SHLWAPI.dll
0x71f40000 - 0x71fc4000 	C:\Windows\WinSxS\x86_microsoft.windows.common-controls_6595b64144ccf1df_5.82.7600.16661_none_ebfb56996c72aefc\COMCTL32.dll
0x76ef0000 - 0x76f6b000 	C:\Windows\system32\COMDLG32.dll
0x73890000 - 0x738a1000 	C:\Windows\system32\NETAPI32.dll
0x74d20000 - 0x74d29000 	C:\Windows\system32\netutils.dll
0x74d90000 - 0x74da9000 	C:\Windows\system32\srvcli.dll
0x73880000 - 0x7388f000 	C:\Windows\system32\wkscli.dll
0x76d90000 - 0x76eec000 	C:\Windows\system32\ole32.dll
0x770d0000 - 0x7715f000 	C:\Windows\system32\OLEAUT32.dll
0x7f270000 - 0x7f2f9000 	C:\Program Files\MATLAB\R2011a\bin\win32\mcr.dll
0x7d4b0000 - 0x7d547000 	C:\Program Files\MATLAB\R2011a\bin\win32\iqm.dll
0x00d30000 - 0x011fa000 	C:\Program Files\MATLAB\R2011a\bin\win32\m_interpreter.dll
0x73d60000 - 0x73d6d000 	C:\Program Files\MATLAB\R2011a\bin\win32\libmex.dll
0x021a0000 - 0x02211000 	C:\Program Files\MATLAB\R2011a\bin\win32\m_dispatcher.dll
0x7f130000 - 0x7f1cc000 	C:\Program Files\MATLAB\R2011a\bin\win32\boost_regex-vc90-mt-1_40.dll
0x02240000 - 0x02298000 	C:\Program Files\MATLAB\R2011a\bin\win32\profiler.dll
0x734f0000 - 0x73513000 	C:\Program Files\MATLAB\R2011a\bin\win32\libmwmathrng.dll
0x71090000 - 0x710a4000 	C:\Program Files\MATLAB\R2011a\bin\win32\m_pcodeio.dll
0x7e080000 - 0x7e0c5000 	C:\Program Files\MATLAB\R2011a\bin\win32\m_ir.dll
0x022e0000 - 0x02808000 	C:\Program Files\MATLAB\R2011a\bin\win32\m_parser.dll
0x70ba0000 - 0x70bb2000 	C:\Program Files\MATLAB\R2011a\bin\win32\ir_xfmr.dll
0x02830000 - 0x029a7000 	C:\Program Files\MATLAB\R2011a\bin\win32\mcos.dll
0x71360000 - 0x7136a000 	C:\Program Files\MATLAB\R2011a\bin\win32\mtok.dll
0x70b10000 - 0x70b30000 	C:\Program Files\MATLAB\R2011a\bin\win32\m_pcodegen.dll
0x7e000000 - 0x7e045000 	C:\Program Files\MATLAB\R2011a\bin\win32\libmwspmatrix.dll
0x7e1c0000 - 0x7e1e3000 	C:\Program Files\MATLAB\R2011a\bin\win32\libmwbridge.dll
0x02a00000 - 0x02a88000 	C:\Program Files\MATLAB\R2011a\bin\win32\udd.dll
0x02aa0000 - 0x02ba1000 	C:\Program Files\MATLAB\R2011a\bin\win32\libmwgui.dll
0x70a10000 - 0x70a22000 	C:\Program Files\MATLAB\R2011a\bin\win32\graphics_util.dll
0x02bd0000 - 0x0314c000 	C:\Program Files\MATLAB\R2011a\bin\win32\hg.dll
0x03160000 - 0x03198000 	C:\Program Files\MATLAB\R2011a\bin\win32\libmat.dll
0x031b0000 - 0x03377000 	C:\Program Files\MATLAB\R2011a\bin\win32\libhdf5.dll
0x03390000 - 0x033ea000 	C:\Program Files\MATLAB\R2011a\bin\win32\jmi.dll
0x03400000 - 0x0340b000 	C:\Program Files\MATLAB\R2011a\bin\win32\nativejava_services.dll
0x03420000 - 0x0344d000 	C:\Program Files\MATLAB\R2011a\bin\win32\libmwhardcopy.dll
0x03460000 - 0x0349e000 	C:\Program Files\MATLAB\R2011a\bin\win32\libuij.dll
0x034b0000 - 0x035ed000 	C:\Program Files\MATLAB\R2011a\bin\win32\hgdatatypes.dll
0x03600000 - 0x0367a000 	C:\Program Files\MATLAB\R2011a\bin\win32\hgutils.dll
0x03690000 - 0x036c5000 	C:\Program Files\MATLAB\R2011a\bin\win32\libmwlapack.dll
0x71340000 - 0x7134e000 	C:\Program Files\MATLAB\R2011a\bin\win32\libmwbinder.dll
0x71300000 - 0x71309000 	C:\Program Files\MATLAB\R2011a\bin\win32\libmwompwrapper.dll
0x74dc0000 - 0x75053000 	C:\Program Files\MATLAB\R2011a\bin\win32\uiw.dll
0x71080000 - 0x71089000 	C:\Program Files\MATLAB\R2011a\bin\win32\uinone.dll
0x03720000 - 0x03abd000 	C:\Windows\WinSxS\x86_microsoft.vc90.mfc_1fc8b3b9a1e18e3b_9.0.30729.6161_none_4bf7e3e2bf9ada4c\mfc90.dll
0x73210000 - 0x73215000 	C:\Windows\system32\MSIMG32.dll
0x703b0000 - 0x70401000 	C:\Windows\system32\WINSPOOL.DRV
0x03ac0000 - 0x03b3a000 	C:\Program Files\MATLAB\R2011a\bin\win32\udd_mi.dll
0x709f0000 - 0x70a03000 	C:\Program Files\MATLAB\R2011a\bin\win32\mwoles05.DLL
0x03b60000 - 0x03bab000 	C:\Program Files\MATLAB\R2011a\bin\win32\comcli.dll
0x03bc0000 - 0x03beb000 	C:\Windows\WinSxS\x86_microsoft.vc90.atl_1fc8b3b9a1e18e3b_9.0.30729.6161_none_51cd0a7abbe4e19b\ATL90.DLL
0x70920000 - 0x70929000 	C:\Program Files\MATLAB\R2011a\bin\win32\mlautoregister.dll
0x03c00000 - 0x03c0a000 	C:\Program Files\MATLAB\R2011a\bin\win32\boost_iostreams-vc90-mt-1_40.dll
0x76b20000 - 0x76b3f000 	C:\Windows\system32\IMM32.DLL
0x76cc0000 - 0x76d8c000 	C:\Windows\system32\MSCTF.dll
0x03c40000 - 0x03c80000 	C:\Windows\system32\UxTheme.dll
0x73dc0000 - 0x73dd3000 	C:\Windows\system32\dwmapi.dll
0x04040000 - 0x0404d000 	C:\Windows\WinSxS\x86_microsoft.vc90.mfcloc_1fc8b3b9a1e18e3b_9.0.30729.6161_none_49768ef57548175e\MFC90ENU.DLL
0x75120000 - 0x7512b000 	C:\Windows\system32\profapi.dll
0x75070000 - 0x7507c000 	C:\Windows\system32\CRYPTBASE.dll
0x04070000 - 0x04083000 	C:\Program Files\TeamViewer\Version7\tv_w32.dll
0x04090000 - 0x040b7000 	C:\Windows\system32\CRTDLL.dll
0x73f80000 - 0x7411e000 	C:\Windows\WinSxS\x86_microsoft.windows.common-controls_6595b64144ccf1df_6.0.7600.16661_none_420fe3fa2b8113bd\comctl32.dll
0x05400000 - 0x0559d000 	C:\Windows\system32\SETUPAPI.dll
0x751f0000 - 0x75217000 	C:\Windows\system32\CFGMGR32.dll
0x751a0000 - 0x751b2000 	C:\Windows\system32\DEVOBJ.dll
0x051b0000 - 0x05233000 	C:\Windows\system32\CLBCatQ.DLL
0x06af0000 - 0x06be5000 	C:\Windows\system32\propsys.dll
0x745e0000 - 0x74601000 	C:\Windows\system32\ntmarta.dll
0x05370000 - 0x053b5000 	C:\Windows\system32\WLDAP32.dll
0x05600000 - 0x0561d000 	C:\Program Files\MATLAB\R2011a\bin\win32\tbbmalloc.dll
0x732c0000 - 0x732dc000 	C:\Windows\system32\iphlpapi.dll
0x732b0000 - 0x732b7000 	C:\Windows\system32\WINNSI.DLL
0x74a10000 - 0x74a54000 	C:\Windows\system32\DNSAPI.dll
0x73180000 - 0x7318d000 	C:\Windows\system32\dhcpcsvc6.DLL
0x73100000 - 0x73112000 	C:\Windows\system32\dhcpcsvc.DLL
0x05170000 - 0x05173000 	C:\Windows\system32\icmp.Dll
0x0ac00000 - 0x0ae8b000 	C:\Program Files\MATLAB\R2011a\sys\java\jre\win32\jre\bin\client\jvm.dll
0x70490000 - 0x704c2000 	C:\Windows\system32\WINMM.dll
0x7d910000 - 0x7d966000 	C:\Program Files\MATLAB\R2011a\bin\win32\MSVCR71.dll
0x05620000 - 0x0566b000 	C:\Windows\system32\apphelp.dll
0x73da0000 - 0x73dac000 	C:\Program Files\MATLAB\R2011a\sys\java\jre\win32\jre\bin\verify.dll
0x73570000 - 0x7358f000 	C:\Program Files\MATLAB\R2011a\sys\java\jre\win32\jre\bin\java.dll
0x73f40000 - 0x73f48000 	C:\Program Files\MATLAB\R2011a\sys\java\jre\win32\jre\bin\hpi.dll
0x73ce0000 - 0x73cef000 	C:\Program Files\MATLAB\R2011a\sys\java\jre\win32\jre\bin\zip.dll

VM Arguments:
jvm_args: -Xss512k -XX:PermSize=32m -Xms64m -XX:NewRatio=3 -XX:MaxPermSize=64m -Xmx128m -XX:MaxDirectMemorySize=1200000000 -Dsun.java2d.noddraw=true -Dsun.awt.nopixfmt=true -Xshare:off -Xrs -Dsun.awt.disableMixing=true -Djava.library.path=C:\Program Files\MATLAB\R2011a\bin\win32 vfprintf abort 
java_command: <unknown>
Launcher Type: generic

Environment Variables:
PATH=C:\Windows\system32;C:\Windows;C:\Windows\System32\Wbem;C:\Windows\System32\WindowsPowerShell\v1.0\;C:\Program Files\IVI Foundation\IVI\bin;C:\Program Files\IVI Foundation\VISA\WinNT\Bin\;C:\Program Files\IVI Foundation\VISA\WinNT\Bin;C:\Program Files\TortoiseSVN\bin;C:\Program Files\MATLAB\R2011a\runtime\win32;C:\Program Files\MATLAB\R2011a\bin;C:\Program Files\TortoiseGit\bin
USERNAME=chenj
OS=Windows_NT
PROCESSOR_IDENTIFIER=x86 Family 6 Model 23 Stepping 10, GenuineIntel



---------------  S Y S T E M  ---------------

OS: Windows 7 Build 7600 

CPU:total 4 (4 cores per cpu, 1 threads per core) family 6 model 23 stepping 10, cmov, cx8, fxsr, mmx, sse, sse2, sse3, ssse3, sse4.1

Memory: 4k page, physical 2024700k(819328k free), swap 4049400k(2704568k free)

vm_info: Java HotSpot(TM) Client VM (14.3-b01) for windows-x86 JRE (1.6.0_17-b04), built on Oct 11 2009 00:52:06 by "java_re" with MS VC++ 7.1

time: Tue Jun 12 22:18:34 2012
elapsed time: 1877 seconds

